[2022-12-11T13:14:49.176] [ERROR] default - Error: carritos validation failed: id: Path `id` is required.
    at ValidationError.inspect (C:\backend\desafio\node_modules\mongoose\lib\error\validation.js:50:26)
    at formatValue (node:internal/util/inspect:806:19)
    at inspect (node:internal/util/inspect:365:10)
    at formatWithOptionsInternal (node:internal/util/inspect:2273:40)
    at Object.format (node:internal/util/inspect:2130:10)
    at basicLayout (C:\backend\desafio\node_modules\log4js\lib\layouts.js:65:52)
    at app (C:\backend\desafio\node_modules\log4js\lib\appenders\file.js:98:23)
    at C:\backend\desafio\node_modules\log4js\lib\appenders\logLevelFilter.js:10:7
    at C:\backend\desafio\node_modules\log4js\lib\log4js.js:43:5
    at Array.forEach (<anonymous>) {
  errors: {
    id: ValidatorError: Path `id` is required.
        at validate (C:\backend\desafio\node_modules\mongoose\lib\schematype.js:1346:13)
        at SchemaType.doValidate (C:\backend\desafio\node_modules\mongoose\lib\schematype.js:1330:7)
        at C:\backend\desafio\node_modules\mongoose\lib\document.js:2877:18
        at process.processTicksAndRejections (node:internal/process/task_queues:77:11) {
      properties: [Object],
      kind: 'required',
      path: 'id',
      value: undefined,
      reason: undefined,
      [Symbol(mongoose:validatorError)]: true
    }
  },
  _message: 'carritos validation failed'
}
[2022-12-11T13:14:59.463] [WARN] default - Ruta GET /favicon.ico no implementada
[2022-12-11T13:15:21.073] [WARN] default - Ruta GET /favicon.ico no implementada
